2026-03-06 06:01:08,980 - __main__ - INFO - ==================================================
2026-03-06 06:01:08,980 - __main__ - INFO - Starting Urban Energy ETL Pipeline
2026-03-06 06:01:08,980 - __main__ - INFO - ==================================================
2026-03-06 06:01:08,980 - __main__ - INFO - Source data not found, creating sample data...
2026-03-06 06:01:08,988 - __main__ - INFO - Sample data created at data/raw/sample_energy_data.csv
2026-03-06 06:01:08,989 - __main__ - INFO - 
[EXTRACT] Starting data extraction...
2026-03-06 06:01:08,989 - src.extractors.csv_extractor - INFO - Extracting data from ./data/raw
2026-03-06 06:01:08,989 - src.extractors.csv_extractor - INFO - Reading file: data/raw/sample_energy_data.csv
2026-03-06 06:01:08,991 - src.extractors.csv_extractor - INFO - Successfully extracted 100 rows
2026-03-06 06:01:08,991 - __main__ - INFO - 
[TRANSFORM] Starting data transformation...
2026-03-06 06:01:08,991 - src.transformers.energy_transformer - INFO - Starting data transformation
2026-03-06 06:01:09,000 - src.transformers.energy_transformer - INFO - Transformation complete: 100 rows processed
2026-03-06 06:01:09,002 - __main__ - INFO - 
[LOAD] Starting data load...
2026-03-06 06:01:09,006 - src.loaders.csv_loader - INFO - Data loaded successfully to ./data/output/energy_data_processed.csv
2026-03-06 06:01:09,006 - __main__ - INFO - 
==================================================
2026-03-06 06:01:09,006 - __main__ - INFO - ETL Pipeline Completed Successfully!
2026-03-06 06:01:09,006 - __main__ - INFO - ==================================================
2026-03-06 06:01:09,006 - __main__ - INFO - Rows processed: 100
2026-03-06 06:01:09,006 - __main__ - INFO - Output file: ./data/output/energy_data_processed.csv
