2026-03-06 06:00:50,946 - __main__ - INFO - ==================================================
2026-03-06 06:00:50,946 - __main__ - INFO - Starting Urban Energy ETL Pipeline
2026-03-06 06:00:50,946 - __main__ - INFO - ==================================================
2026-03-06 06:00:50,946 - __main__ - INFO - Source data not found, creating sample data...
2026-03-06 06:00:50,946 - __main__ - ERROR - ETL Pipeline failed: Invalid frequency: H. Failed to parse with error message: ValueError("Invalid frequency: H. Failed to parse with error message: KeyError('H'). Did you mean h?") Did you mean h?
Traceback (most recent call last):
  File "pandas/_libs/tslibs/offsets.pyx", line 6213, in pandas._libs.tslibs.offsets._get_offset
KeyError: 'H'

During handling of the above exception, another exception occurred:

Traceback (most recent call last):
  File "pandas/_libs/tslibs/offsets.pyx", line 6344, in pandas._libs.tslibs.offsets.to_offset
  File "pandas/_libs/tslibs/offsets.pyx", line 6219, in pandas._libs.tslibs.offsets._get_offset
  File "pandas/_libs/tslibs/offsets.pyx", line 6137, in pandas._libs.tslibs.offsets.raise_invalid_freq
ValueError: Invalid frequency: H. Failed to parse with error message: KeyError('H'). Did you mean h?

During handling of the above exception, another exception occurred:

Traceback (most recent call last):
  File "/workspaces/urban-energy-etl/main.py", line 54, in run_etl_pipeline
    create_sample_data()
  File "/workspaces/urban-energy-etl/main.py", line 25, in create_sample_data
    'timestamp': pd.date_range('2024-01-01', periods=100, freq='H'),
                 ^^^^^^^^^^^^^^^^^^^^^^^^^^^^^^^^^^^^^^^^^^^^^^^^^^
  File "/workspaces/urban-energy-etl/venv/lib/python3.12/site-packages/pandas/core/indexes/datetimes.py", line 1442, in date_range
    freq = to_offset(freq)
           ^^^^^^^^^^^^^^^
  File "pandas/_libs/tslibs/offsets.pyx", line 6229, in pandas._libs.tslibs.offsets.to_offset
  File "pandas/_libs/tslibs/offsets.pyx", line 6352, in pandas._libs.tslibs.offsets.to_offset
  File "pandas/_libs/tslibs/offsets.pyx", line 6137, in pandas._libs.tslibs.offsets.raise_invalid_freq
ValueError: Invalid frequency: H. Failed to parse with error message: ValueError("Invalid frequency: H. Failed to parse with error message: KeyError('H'). Did you mean h?") Did you mean h?
